  Downloading swc package @next/swc-wasm-nodejs... to /sessions/trusting-tender-ride/.cache/next-swc
⚠ Attempted to load /sessions/trusting-tender-ride/mnt/next-lumi/node_modules/next/next-swc-fallback/@next/swc-linux-arm64-gnu/next-swc.linux-arm64-gnu.node, but it was not installed
⚠ Attempted to load /sessions/trusting-tender-ride/mnt/next-lumi/node_modules/next/next-swc-fallback/@next/swc-linux-arm64-musl/next-swc.linux-arm64-musl.node, but it was not installed
⚠ Attempted to load @next/swc-linux-arm64-gnu, but it was not installed
⚠ Attempted to load @next/swc-linux-arm64-musl, but it was not installed
⚠ TypeError: fetch failed
    at ignore-listed frames {
  [cause]: Error: getaddrinfo EAI_AGAIN registry.npmjs.org
      at ignore-listed frames {
    errno: -3001,
    code: 'EAI_AGAIN',
    syscall: 'getaddrinfo',
    hostname: 'registry.npmjs.org'
  }
}
⨯ Failed to load SWC binary for linux/arm64, see more info here: https://nextjs.org/docs/messages/failed-loading-swc
⨯ Failed to load next.config.ts, see more info here https://nextjs.org/docs/messages/next-config-error

> Build error occurred
Error: Failed to load SWC binary for linux/arm64, see more info here: https://nextjs.org/docs/messages/failed-loading-swc
    at ignore-listed frames
